<?xml version="1.0" encoding="UTF-8"?>
<robot generator="Robot 4.0.3 (Python 3.9.2 on win32)" generated="20210625 23:02:38.512" rpa="false" schemaversion="2">
<suite id="s1" name="Endepoint Tc" source="c:\AUTOMACAO\everis-automation-Alexandre\tests\endepoint_tc.robot">
<test id="s1-t1" name="TC-03: ENDEPOINT - VALIDAR ATRIBUTO DA URL">
<kw name="Abrir Navegador" library="setup" type="SETUP">
<kw name="Open Browser" library="SeleniumLibrary">
<arg>${URL}</arg>
<arg>${BROWSER}</arg>
<arg>options=add_argument("--start-maximized")</arg>
<doc>Opens a new browser instance to the optional ``url``.</doc>
<msg timestamp="20210625 23:02:39.291" level="INFO">Opening browser 'chrome' to base url 'http://automationpractice.com/'.</msg>
<status status="PASS" starttime="20210625 23:02:39.291" endtime="20210625 23:02:45.638"/>
</kw>
<status status="PASS" starttime="20210625 23:02:39.291" endtime="20210625 23:02:45.638"/>
</kw>
<kw name="Dado" library="BDDpt-BR">
<arg>conecte na api</arg>
<kw name="Run Keyword" library="BuiltIn">
<arg>@{keyword}</arg>
<doc>Executes the given keyword with the given arguments.</doc>
<kw name="conecte na api" library="endepoint_st">
<kw name="Create Session">
<arg>httpbin</arg>
<arg>${BASE_URL}</arg>
<msg timestamp="20210625 23:02:45.652" level="FAIL">No keyword with name 'Create Session' found.</msg>
<status status="FAIL" starttime="20210625 23:02:45.652" endtime="20210625 23:02:45.652"/>
</kw>
<kw name="Should Be Equal As Strings" library="BuiltIn">
<arg>${response.status_code}</arg>
<arg>200</arg>
<doc>Fails if objects are unequal after converting them to strings.</doc>
<status status="NOT RUN" starttime="20210625 23:02:45.652" endtime="20210625 23:02:45.652"/>
</kw>
<status status="FAIL" starttime="20210625 23:02:45.640" endtime="20210625 23:02:45.652"/>
</kw>
<status status="FAIL" starttime="20210625 23:02:45.640" endtime="20210625 23:02:45.652"/>
</kw>
<status status="FAIL" starttime="20210625 23:02:45.639" endtime="20210625 23:02:45.652"/>
</kw>
<kw name="Fechar Navegador" library="teardown" type="TEARDOWN">
<kw name="Close Browser" library="SeleniumLibrary">
<doc>Closes the current browser.</doc>
<status status="PASS" starttime="20210625 23:02:45.653" endtime="20210625 23:02:47.936"/>
</kw>
<status status="PASS" starttime="20210625 23:02:45.653" endtime="20210625 23:02:47.936"/>
</kw>
<tag>SMOKE_tests</tag>
<status status="FAIL" starttime="20210625 23:02:39.289" endtime="20210625 23:02:47.936">No keyword with name 'Create Session' found.</status>
</test>
<doc>Funcionalidade: Autenticação</doc>
<status status="FAIL" starttime="20210625 23:02:38.514" endtime="20210625 23:02:47.936"/>
</suite>
<statistics>
<total>
<stat pass="0" fail="1" skip="0">All Tests</stat>
</total>
<tag>
<stat pass="0" fail="1" skip="0">SMOKE_tests</stat>
</tag>
<suite>
<stat pass="0" fail="1" skip="0" id="s1" name="Endepoint Tc">Endepoint Tc</stat>
</suite>
</statistics>
<errors>
<msg timestamp="20210625 23:02:38.780" level="ERROR">Error in file 'c:\AUTOMACAO\everis-automation-Alexandre\steps\endepoint_st.robot' on line 4: Importing library 'RequestsLibrary' failed: ModuleNotFoundError: No module named 'RequestsLibrary'
Traceback (most recent call last):
  None
PYTHONPATH:
  c:\Users\LEXx\.vscode\extensions\robocorp.robotframework-lsp-0.18.0\src\robotframework_debug_adapter
  c:\AUTOMACAO\everis-automation-Alexandre
  c:\Users\LEXx\.vscode\extensions\robocorp.robotframework-lsp-0.18.0\src
  c:\Users\LEXx\.vscode\extensions\robocorp.robotframework-lsp-0.18.0\src\robotframework_ls\vendored
  C:\Users\LEXx\AppData\Local\Programs\Python\Python39\python39.zip
  C:\Users\LEXx\AppData\Local\Programs\Python\Python39\DLLs
  C:\Users\LEXx\AppData\Local\Programs\Python\Python39\lib
  C:\Users\LEXx\AppData\Local\Programs\Python\Python39
  C:\Users\LEXx\AppData\Local\Programs\Python\Python39\lib\site-packages</msg>
</errors>
</robot>
